TN:test_res
SF:/Users/chesterzed/Projects/s21/my_own/C6_s21_matrix-1/src/s21_calc_complements.c
FN:3,20,s21_calc_complements
FNDA:5,s21_calc_complements
FNF:1
FNH:1
DA:3,5
DA:4,5
DA:5,5
DA:6,1
DA:8,4
DA:9,17
DA:10,60
DA:12,47
DA:13,47
DA:14,47
DA:15,47
DA:16,47
DA:17,47
DA:18,13
DA:20,5
LF:15
LH:15
end_of_record
TN:test_res
SF:/Users/chesterzed/Projects/s21/my_own/C6_s21_matrix-1/src/s21_create_matrix.c
FN:3,27,s21_create_matrix
FNDA:749,s21_create_matrix
FNF:1
FNH:1
DA:3,749
DA:4,749
DA:5,749
DA:6,3
DA:7,3
DA:8,746
DA:9,746
DA:10,746
DA:11,746
DA:12,0
DA:13,0
DA:14,1909
DA:15,1163
DA:16,1163
DA:17,0
DA:18,0
DA:19,0
DA:20,0
DA:21,0
DA:22,0
DA:23,0
DA:24,1163
DA:27,749
LF:23
LH:14
end_of_record
TN:test_res
SF:/Users/chesterzed/Projects/s21/my_own/C6_s21_matrix-1/src/s21_determinant.c
FN:3,16,s21_determinant
FNDA:55,s21_determinant
FNF:1
FNH:1
DA:3,55
DA:4,55
DA:5,55
DA:6,2
DA:7,53
DA:8,1
DA:10,52
DA:11,5
DA:13,47
DA:14,47
DA:16,55
LF:11
LH:11
end_of_record
TN:test_res
SF:/Users/chesterzed/Projects/s21/my_own/C6_s21_matrix-1/src/s21_eq_matrix.c
FN:3,20,s21_eq_matrix
FNDA:5,s21_eq_matrix
FNF:1
FNH:1
DA:3,5
DA:4,5
DA:5,5
DA:6,4
DA:7,1
DA:8,4
DA:9,1
DA:11,10
DA:12,20
DA:13,15
DA:14,2
DA:15,2
DA:17,13
DA:18,7
DA:20,5
LF:15
LH:15
end_of_record
TN:test_res
SF:/Users/chesterzed/Projects/s21/my_own/C6_s21_matrix-1/src/s21_helpers.c
FN:19,46,s21_calc_determinant
FN:3,17,s21_minor
FNDA:643,s21_calc_determinant
FNDA:47,s21_minor
FNF:2
FNH:2
DA:3,47
DA:4,47
DA:5,47
DA:6,234
DA:7,187
DA:8,187
DA:9,756
DA:10,616
DA:11,476
DA:12,476
DA:13,476
DA:14,616
DA:15,140
DA:16,140
DA:17,47
DA:19,643
DA:21,643
DA:22,643
DA:24,643
DA:25,459
DA:26,459
DA:27,459
DA:28,776
DA:29,592
DA:30,1940
DA:31,1348
DA:32,5904
DA:33,4556
DA:34,3208
DA:35,3208
DA:36,3208
DA:37,4556
DA:38,1348
DA:39,1348
DA:40,1184
DA:41,592
DA:42,592
DA:44,643
DA:46,643
LF:39
LH:39
end_of_record
TN:test_res
SF:/Users/chesterzed/Projects/s21/my_own/C6_s21_matrix-1/src/s21_inverse_matrix.c
FN:3,25,s21_inverse_matrix
FNDA:6,s21_inverse_matrix
FNF:1
FNH:1
DA:3,6
DA:4,6
DA:6,6
DA:7,1
DA:8,5
DA:9,1
DA:10,4
DA:11,1
DA:14,3
DA:15,3
DA:16,3
DA:17,13
DA:18,48
DA:19,38
DA:20,10
DA:21,3
DA:22,3
DA:25,6
LF:18
LH:18
end_of_record
TN:test_res
SF:/Users/chesterzed/Projects/s21/my_own/C6_s21_matrix-1/src/s21_mult_matrix.c
FN:3,20,s21_mult_matrix
FNDA:5,s21_mult_matrix
FNF:1
FNH:1
DA:3,5
DA:4,5
DA:5,5
DA:6,4
DA:7,1
DA:8,4
DA:9,1
DA:11,3
DA:12,13
DA:13,48
DA:14,38
DA:15,198
DA:16,160
DA:17,38
DA:18,10
DA:20,5
LF:16
LH:16
end_of_record
TN:test_res
SF:/Users/chesterzed/Projects/s21/my_own/C6_s21_matrix-1/src/s21_mult_number.c
FN:3,15,s21_mult_number
FNDA:2,s21_mult_number
FNF:1
FNH:1
DA:3,2
DA:4,2
DA:5,2
DA:6,1
DA:8,1
DA:9,3
DA:10,6
DA:11,4
DA:12,4
DA:13,2
DA:15,2
LF:11
LH:11
end_of_record
TN:test_res
SF:/Users/chesterzed/Projects/s21/my_own/C6_s21_matrix-1/src/s21_remove_matrix.c
FN:3,11,s21_remove_matrix
FNDA:747,s21_remove_matrix
FNF:1
FNH:1
DA:3,747
DA:4,1908
DA:5,1161
DA:6,1161
DA:7,747
DA:8,747
DA:9,747
DA:10,747
DA:11,747
LF:9
LH:9
end_of_record
TN:test_res
SF:/Users/chesterzed/Projects/s21/my_own/C6_s21_matrix-1/src/s21_sub_matrix.c
FN:3,17,s21_sub_matrix
FNDA:3,s21_sub_matrix
FNF:1
FNH:1
DA:3,3
DA:4,3
DA:5,3
DA:6,2
DA:7,1
DA:8,3
DA:9,1
DA:11,1
DA:12,3
DA:13,6
DA:14,4
DA:15,2
DA:17,3
LF:13
LH:13
end_of_record
TN:test_res
SF:/Users/chesterzed/Projects/s21/my_own/C6_s21_matrix-1/src/s21_sum_matrix.c
FN:3,17,s21_sum_matrix
FNDA:3,s21_sum_matrix
FNF:1
FNH:1
DA:3,3
DA:4,3
DA:5,3
DA:6,2
DA:7,1
DA:8,2
DA:9,1
DA:11,1
DA:12,3
DA:13,6
DA:14,4
DA:15,2
DA:17,3
LF:13
LH:13
end_of_record
TN:test_res
SF:/Users/chesterzed/Projects/s21/my_own/C6_s21_matrix-1/src/s21_transpose.c
FN:3,14,s21_transpose
FNDA:5,s21_transpose
FNF:1
FNH:1
DA:3,5
DA:4,5
DA:5,5
DA:6,1
DA:8,4
DA:9,17
DA:10,60
DA:11,47
DA:12,13
DA:14,5
LF:10
LH:10
end_of_record
